[35m[1mConsolidate compiler generated dependencies of target control_speed[0m
[ 57%] Built target read_data
[ 57%] Built target record_data
[ 71%] [32mBuilding CXX object CMakeFiles/control_speed.dir/src/control_speed.cpp.o[0m
[01m[K/home/zsj/code/unitree_ws/src/create_dataset/src/control_speed.cpp:[m[K In constructor â€˜[01m[Ksoprt_request::soprt_request(double, int)[m[Kâ€™:
[01m[K/home/zsj/code/unitree_ws/src/create_dataset/src/control_speed.cpp:15:90:[m[K [01;31m[Kerror: [m[Kâ€˜[01m[Kinput_gait[m[Kâ€™ was not declared in this scope
   15 |     soprt_request(double vx_input,int gait_input) : Node("req_sender"),vx(vx_input),gait([01;31m[Kinput_gait[m[K)
      |                                                                                          [01;31m[K^~~~~~~~~~[m[K
[01m[K/home/zsj/code/unitree_ws/src/create_dataset/src/control_speed.cpp:15:39:[m[K [01;35m[Kwarning: [m[Kunused parameter â€˜[01m[Kgait_input[m[Kâ€™ [[01;35m[K]8;;https://gcc.gnu.org/onlinedocs/gcc/Warning-Options.html#index-Wunused-parameter-Wunused-parameter]8;;[m[K]
   15 |     soprt_request(double vx_input,[01;35m[Kint gait_input[m[K) : Node("req_sender"),vx(vx_input),gait(input_gait)
      |                                   [01;35m[K~~~~^~~~~~~~~~[m[K
gmake[2]: *** [CMakeFiles/control_speed.dir/build.make:76: CMakeFiles/control_speed.dir/src/control_speed.cpp.o] Error 1
gmake[1]: *** [CMakeFiles/Makefile2:167: CMakeFiles/control_speed.dir/all] Error 2
gmake: *** [Makefile:146: all] Error 2
