[0.017s] Invoking command in '/home/zsj/code/unitree_ws/build/create_dataset': CMAKE_PREFIX_PATH=/home/zsj/code/unitree_ws/install/robot_state:/home/zsj/code/unitree_ws/install/create_dataset:/home/zsj/code/unitree_ros2/cyclonedds_ws/install/unitree_go:/home/zsj/code/unitree_ros2/cyclonedds_ws/install/unitree_api:/home/zsj/code/unitree_ros2/cyclonedds_ws/install/rmw_cyclonedds_cpp:/home/zsj/code/unitree_ros2/cyclonedds_ws/install/cyclonedds:/opt/ros/humble /usr/bin/cmake --build /home/zsj/code/unitree_ws/build/create_dataset -- -j12 -l12
[0.088s] [35m[1mConsolidate compiler generated dependencies of target record_data[0m
[0.089s] [35m[1mConsolidate compiler generated dependencies of target control_speed[0m
[0.109s] [ 28%] Built target read_data
[0.119s] [ 57%] Built target record_data
[0.119s] [ 71%] [32mBuilding CXX object CMakeFiles/control_speed.dir/src/control_speed.cpp.o[0m
[3.046s] [01m[K/home/zsj/code/unitree_ws/src/create_dataset/src/control_speed.cpp:[m[K In constructor â€˜[01m[Ksoprt_request::soprt_request(double, int)[m[Kâ€™:
[3.047s] [01m[K/home/zsj/code/unitree_ws/src/create_dataset/src/control_speed.cpp:15:90:[m[K [01;31m[Kerror: [m[Kâ€˜[01m[Kinput_gait[m[Kâ€™ was not declared in this scope
[3.047s]    15 |     soprt_request(double vx_input,int gait_input) : Node("req_sender"),vx(vx_input),gait([01;31m[Kinput_gait[m[K)
[3.047s]       |                                                                                          [01;31m[K^~~~~~~~~~[m[K
[3.064s] [01m[K/home/zsj/code/unitree_ws/src/create_dataset/src/control_speed.cpp:15:39:[m[K [01;35m[Kwarning: [m[Kunused parameter â€˜[01m[Kgait_input[m[Kâ€™ [[01;35m[K]8;;https://gcc.gnu.org/onlinedocs/gcc/Warning-Options.html#index-Wunused-parameter-Wunused-parameter]8;;[m[K]
[3.064s]    15 |     soprt_request(double vx_input,[01;35m[Kint gait_input[m[K) : Node("req_sender"),vx(vx_input),gait(input_gait)
[3.064s]       |                                   [01;35m[K~~~~^~~~~~~~~~[m[K
[3.065s] [01m[K/home/zsj/code/unitree_ws/src/create_dataset/src/control_speed.cpp:[m[K In member function â€˜[01m[Kvoid soprt_request::timer_callback()[m[Kâ€™:
[3.065s] [01m[K/home/zsj/code/unitree_ws/src/create_dataset/src/control_speed.cpp:33:33:[m[K [01;31m[Kerror: [m[Kno matching function for call to â€˜[01m[KSportClient::SwitchGait(int&)[m[Kâ€™
[3.065s]    33 |             [01;31m[Ksport_req.SwitchGait(gait)[m[K;
[3.065s]       |             [01;31m[K~~~~~~~~~~~~~~~~~~~~^~~~~~[m[K
[3.065s] In file included from [01m[K/home/zsj/code/unitree_ws/src/create_dataset/src/control_speed.cpp:8[m[K:
[3.066s] [01m[K/home/zsj/code/unitree_ws/src/create_dataset/include/common/ros2_sport_client.h:120:10:[m[K [01;36m[Knote: [m[Kcandidate: â€˜[01m[Kvoid SportClient::SwitchGait(unitree_api::msg::Request&, int)[m[Kâ€™
[3.066s]   120 |     void [01;36m[KSwitchGait[m[K(unitree_api::msg::Request &req, int d);
[3.066s]       |          [01;36m[K^~~~~~~~~~[m[K
[3.066s] [01m[K/home/zsj/code/unitree_ws/src/create_dataset/include/common/ros2_sport_client.h:120:10:[m[K [01;36m[Knote: [m[K  candidate expects 2 arguments, 1 provided
[6.106s] gmake[2]: *** [CMakeFiles/control_speed.dir/build.make:76: CMakeFiles/control_speed.dir/src/control_speed.cpp.o] Error 1
[6.107s] gmake[1]: *** [CMakeFiles/Makefile2:167: CMakeFiles/control_speed.dir/all] Error 2
[6.107s] gmake: *** [Makefile:146: all] Error 2
[6.110s] Invoked command in '/home/zsj/code/unitree_ws/build/create_dataset' returned '2': CMAKE_PREFIX_PATH=/home/zsj/code/unitree_ws/install/robot_state:/home/zsj/code/unitree_ws/install/create_dataset:/home/zsj/code/unitree_ros2/cyclonedds_ws/install/unitree_go:/home/zsj/code/unitree_ros2/cyclonedds_ws/install/unitree_api:/home/zsj/code/unitree_ros2/cyclonedds_ws/install/rmw_cyclonedds_cpp:/home/zsj/code/unitree_ros2/cyclonedds_ws/install/cyclonedds:/opt/ros/humble /usr/bin/cmake --build /home/zsj/code/unitree_ws/build/create_dataset -- -j12 -l12
