[35m[1mConsolidate compiler generated dependencies of target read_data[0m
[ 42%] Built target control_speed
[ 71%] Built target record_data
[ 85%] [32mBuilding CXX object CMakeFiles/read_data.dir/src/read_data.cpp.o[0m
[01m[K/home/zsj/code/unitree_ws/src/create_dataset/src/read_data.cpp:[m[K In constructor â€˜[01m[KPlaybackNode::PlaybackNode(const string&)[m[Kâ€™:
[01m[K/home/zsj/code/unitree_ws/src/create_dataset/src/read_data.cpp:23:7:[m[K [01;31m[Kerror: [m[Kâ€˜[01m[Kpublisher_[m[Kâ€™ was not declared in this scope; did you mean â€˜[01m[Krmw_publisher_t[m[Kâ€™?
   23 |       [01;31m[Kpublisher_[m[K = this->create_publisher<robot_state::msg::RobotState>("/dataset", 10);
      |       [01;31m[K^~~~~~~~~~[m[K
      |       [32m[Krmw_publisher_t[m[K
[01m[K/home/zsj/code/unitree_ws/src/create_dataset/src/read_data.cpp:24:7:[m[K [01;31m[Kerror: [m[Kâ€˜[01m[Ktimer_[m[Kâ€™ was not declared in this scope; did you mean â€˜[01m[Ktimer_t[m[Kâ€™?
   24 |       [01;31m[Ktimer_[m[K = this->create_wall_timer(
      |       [01;31m[K^~~~~~[m[K
      |       [32m[Ktimer_t[m[K
[01m[K/home/zsj/code/unitree_ws/src/create_dataset/src/read_data.cpp:27:7:[m[K [01;31m[Kerror: [m[Kâ€˜[01m[Kreader_[m[Kâ€™ was not declared in this scope; did you mean â€˜[01m[Kread[m[Kâ€™?
   27 |       [01;31m[Kreader_[m[K.open(bag_filename);
      |       [01;31m[K^~~~~~~[m[K
      |       [32m[Kread[m[K
[01m[K/home/zsj/code/unitree_ws/src/create_dataset/src/read_data.cpp:[m[K At global scope:
[01m[K/home/zsj/code/unitree_ws/src/create_dataset/src/read_data.cpp:54:34:[m[K [01;31m[Kerror: [m[Kexpected initializer before â€˜[01m[Ktimer_[m[Kâ€™
   54 |     rclcpp::TimerBase::SharedPtr [01;31m[Ktimer_[m[K;
      |                                  [01;31m[K^~~~~~[m[K
[01m[K/home/zsj/code/unitree_ws/src/create_dataset/src/read_data.cpp:59:1:[m[K [01;31m[Kerror: [m[Kexpected declaration before â€˜[01m[K}[m[Kâ€™ token
   59 | [01;31m[K}[m[K;
      | [01;31m[K^[m[K
gmake[2]: *** [CMakeFiles/read_data.dir/build.make:76: CMakeFiles/read_data.dir/src/read_data.cpp.o] Error 1
gmake[1]: *** [CMakeFiles/Makefile2:193: CMakeFiles/read_data.dir/all] Error 2
gmake: *** [Makefile:146: all] Error 2
