[0.010s] Invoking command in '/home/zsj/code/unitree_ws/build/create_dataset': CMAKE_PREFIX_PATH=${CMAKE_PREFIX_PATH}:/home/zsj/code/unitree_ws/install/read_bag:/opt/ros/humble /usr/bin/cmake --build /home/zsj/code/unitree_ws/build/create_dataset -- -j12 -l12
[0.050s] [35m[1mConsolidate compiler generated dependencies of target read_data[0m
[0.064s] [ 42%] Built target control_speed
[0.065s] [ 71%] Built target record_data
[0.072s] [ 85%] [32mBuilding CXX object CMakeFiles/read_data.dir/src/read_data.cpp.o[0m
[2.596s] [01m[K/home/zsj/code/unitree_ws/src/create_dataset/src/read_data.cpp:[m[K In constructor â€˜[01m[KPlaybackNode::PlaybackNode(const string&)[m[Kâ€™:
[2.596s] [01m[K/home/zsj/code/unitree_ws/src/create_dataset/src/read_data.cpp:23:7:[m[K [01;31m[Kerror: [m[Kâ€˜[01m[Kpublisher_[m[Kâ€™ was not declared in this scope; did you mean â€˜[01m[Krmw_publisher_t[m[Kâ€™?
[2.596s]    23 |       [01;31m[Kpublisher_[m[K = this->create_publisher<robot_state::msg::RobotState>("/dataset", 10);
[2.596s]       |       [01;31m[K^~~~~~~~~~[m[K
[2.596s]       |       [32m[Krmw_publisher_t[m[K
[2.604s] [01m[K/home/zsj/code/unitree_ws/src/create_dataset/src/read_data.cpp:24:7:[m[K [01;31m[Kerror: [m[Kâ€˜[01m[Ktimer_[m[Kâ€™ was not declared in this scope; did you mean â€˜[01m[Ktimer_t[m[Kâ€™?
[2.605s]    24 |       [01;31m[Ktimer_[m[K = this->create_wall_timer(
[2.605s]       |       [01;31m[K^~~~~~[m[K
[2.605s]       |       [32m[Ktimer_t[m[K
[2.617s] [01m[K/home/zsj/code/unitree_ws/src/create_dataset/src/read_data.cpp:27:7:[m[K [01;31m[Kerror: [m[Kâ€˜[01m[Kreader_[m[Kâ€™ was not declared in this scope; did you mean â€˜[01m[Kread[m[Kâ€™?
[2.617s]    27 |       [01;31m[Kreader_[m[K.open(bag_filename);
[2.617s]       |       [01;31m[K^~~~~~~[m[K
[2.617s]       |       [32m[Kread[m[K
[2.617s] [01m[K/home/zsj/code/unitree_ws/src/create_dataset/src/read_data.cpp:[m[K At global scope:
[2.617s] [01m[K/home/zsj/code/unitree_ws/src/create_dataset/src/read_data.cpp:54:34:[m[K [01;31m[Kerror: [m[Kexpected initializer before â€˜[01m[Ktimer_[m[Kâ€™
[2.617s]    54 |     rclcpp::TimerBase::SharedPtr [01;31m[Ktimer_[m[K;
[2.617s]       |                                  [01;31m[K^~~~~~[m[K
[2.619s] [01m[K/home/zsj/code/unitree_ws/src/create_dataset/src/read_data.cpp:59:1:[m[K [01;31m[Kerror: [m[Kexpected declaration before â€˜[01m[K}[m[Kâ€™ token
[2.619s]    59 | [01;31m[K}[m[K;
[2.619s]       | [01;31m[K^[m[K
[3.348s] gmake[2]: *** [CMakeFiles/read_data.dir/build.make:76: CMakeFiles/read_data.dir/src/read_data.cpp.o] Error 1
[3.348s] gmake[1]: *** [CMakeFiles/Makefile2:193: CMakeFiles/read_data.dir/all] Error 2
[3.348s] gmake: *** [Makefile:146: all] Error 2
[3.351s] Invoked command in '/home/zsj/code/unitree_ws/build/create_dataset' returned '2': CMAKE_PREFIX_PATH=${CMAKE_PREFIX_PATH}:/home/zsj/code/unitree_ws/install/read_bag:/opt/ros/humble /usr/bin/cmake --build /home/zsj/code/unitree_ws/build/create_dataset -- -j12 -l12
