[0.012s] Invoking command in '/home/zsj/code/unitree_ws/build/create_dataset': CMAKE_PREFIX_PATH=${CMAKE_PREFIX_PATH}:/home/zsj/code/unitree_ws/install/read_bag:/opt/ros/humble /usr/bin/cmake --build /home/zsj/code/unitree_ws/build/create_dataset -- -j12 -l12
[0.061s] [35m[1mConsolidate compiler generated dependencies of target read_data[0m
[0.077s] [ 28%] Built target record_data
[0.079s] [ 71%] Built target control_speed
[0.086s] [ 85%] [32mBuilding CXX object CMakeFiles/read_data.dir/src/read_data.cpp.o[0m
[2.554s] [01m[K/home/zsj/code/unitree_ws/src/create_dataset/src/read_data.cpp:57:6:[m[K [01;31m[Kerror: [m[Kexpected â€˜[01m[K;[m[Kâ€™ after class definition
[2.554s]    57 |     }
[2.554s]       |      [01;31m[K^[m[K
[2.554s]       |      [32m[K;[m[K
[3.328s] gmake[2]: *** [CMakeFiles/read_data.dir/build.make:76: CMakeFiles/read_data.dir/src/read_data.cpp.o] Error 1
[3.329s] gmake[1]: *** [CMakeFiles/Makefile2:193: CMakeFiles/read_data.dir/all] Error 2
[3.329s] gmake: *** [Makefile:146: all] Error 2
[3.331s] Invoked command in '/home/zsj/code/unitree_ws/build/create_dataset' returned '2': CMAKE_PREFIX_PATH=${CMAKE_PREFIX_PATH}:/home/zsj/code/unitree_ws/install/read_bag:/opt/ros/humble /usr/bin/cmake --build /home/zsj/code/unitree_ws/build/create_dataset -- -j12 -l12
