[35m[1mConsolidate compiler generated dependencies of target read_data[0m
[ 28%] Built target record_data
[ 71%] Built target control_speed
[ 85%] [32mBuilding CXX object CMakeFiles/read_data.dir/src/read_data.cpp.o[0m
In file included from [01m[K/opt/ros/humble/include/rclcpp/rclcpp/logging.hpp:24[m[K,
                 from [01m[K/opt/ros/humble/include/rclcpp/rclcpp/client.hpp:40[m[K,
                 from [01m[K/opt/ros/humble/include/rclcpp/rclcpp/callback_group.hpp:24[m[K,
                 from [01m[K/opt/ros/humble/include/rclcpp/rclcpp/any_executable.hpp:20[m[K,
                 from [01m[K/opt/ros/humble/include/rclcpp/rclcpp/memory_strategy.hpp:25[m[K,
                 from [01m[K/opt/ros/humble/include/rclcpp/rclcpp/memory_strategies.hpp:18[m[K,
                 from [01m[K/opt/ros/humble/include/rclcpp/rclcpp/executor_options.hpp:20[m[K,
                 from [01m[K/opt/ros/humble/include/rclcpp/rclcpp/executor.hpp:37[m[K,
                 from [01m[K/opt/ros/humble/include/rclcpp/rclcpp/executors/multi_threaded_executor.hpp:25[m[K,
                 from [01m[K/opt/ros/humble/include/rclcpp/rclcpp/executors.hpp:21[m[K,
                 from [01m[K/opt/ros/humble/include/rclcpp/rclcpp/rclcpp.hpp:155[m[K,
                 from [01m[K/home/zsj/code/unitree_ws/src/create_dataset/src/read_data.cpp:7[m[K:
[01m[K/home/zsj/code/unitree_ws/src/create_dataset/src/read_data.cpp:[m[K In member function â€˜[01m[Kvoid PlaybackNode::timer_callback()[m[Kâ€™:
[01m[K/home/zsj/code/unitree_ws/src/create_dataset/src/read_data.cpp:49:33:[m[K [01;31m[Kerror: [m[Kâ€˜[01m[Kusing SharedPtr = class std::shared_ptr<robot_state::msg::RobotState_<std::allocator<void> > >[m[Kâ€™ {aka â€˜[01m[Kclass std::shared_ptr<robot_state::msg::RobotState_<std::allocator<void> > >[m[Kâ€™} has no member named â€˜[01m[Kmotor_q[m[Kâ€™
   49 |                   i, data_point.[01;31m[Kmotor_q[m[K[i], data_point.motor_dq[i], data_point.motor_ddq[i], data_point.motor_tau_est[i]);
      |                                 [01;31m[K^~~~~~~[m[K
[01m[K/home/zsj/code/unitree_ws/src/create_dataset/src/read_data.cpp:49:56:[m[K [01;31m[Kerror: [m[Kâ€˜[01m[Kusing SharedPtr = class std::shared_ptr<robot_state::msg::RobotState_<std::allocator<void> > >[m[Kâ€™ {aka â€˜[01m[Kclass std::shared_ptr<robot_state::msg::RobotState_<std::allocator<void> > >[m[Kâ€™} has no member named â€˜[01m[Kmotor_dq[m[Kâ€™
   49 |                   i, data_point.motor_q[i], data_point.[01;31m[Kmotor_dq[m[K[i], data_point.motor_ddq[i], data_point.motor_tau_est[i]);
      |                                                        [01;31m[K^~~~~~~~[m[K
[01m[K/home/zsj/code/unitree_ws/src/create_dataset/src/read_data.cpp:49:80:[m[K [01;31m[Kerror: [m[Kâ€˜[01m[Kusing SharedPtr = class std::shared_ptr<robot_state::msg::RobotState_<std::allocator<void> > >[m[Kâ€™ {aka â€˜[01m[Kclass std::shared_ptr<robot_state::msg::RobotState_<std::allocator<void> > >[m[Kâ€™} has no member named â€˜[01m[Kmotor_ddq[m[Kâ€™
   49 |                   i, data_point.motor_q[i], data_point.motor_dq[i], data_point.[01;31m[Kmotor_ddq[m[K[i], data_point.motor_tau_est[i]);
      |                                                                                [01;31m[K^~~~~~~~~[m[K
[01m[K/home/zsj/code/unitree_ws/src/create_dataset/src/read_data.cpp:49:105:[m[K [01;31m[Kerror: [m[Kâ€˜[01m[Kusing SharedPtr = class std::shared_ptr<robot_state::msg::RobotState_<std::allocator<void> > >[m[Kâ€™ {aka â€˜[01m[Kclass std::shared_ptr<robot_state::msg::RobotState_<std::allocator<void> > >[m[Kâ€™} has no member named â€˜[01m[Kmotor_tau_est[m[Kâ€™
   49 |                   i, data_point.motor_q[i], data_point.motor_dq[i], data_point.motor_ddq[i], data_point.[01;31m[Kmotor_tau_est[m[K[i]);
      |                                                                                                         [01;31m[K^~~~~~~~~~~~~[m[K
gmake[2]: *** [CMakeFiles/read_data.dir/build.make:76: CMakeFiles/read_data.dir/src/read_data.cpp.o] Error 1
gmake[1]: *** [CMakeFiles/Makefile2:193: CMakeFiles/read_data.dir/all] Error 2
gmake: *** [Makefile:146: all] Error 2
