[0.014s] Invoking command in '/home/zsj/code/unitree_ws/build/create_dataset': CMAKE_PREFIX_PATH=${CMAKE_PREFIX_PATH}:/home/zsj/code/unitree_ws/install/read_bag:/opt/ros/humble /usr/bin/cmake --build /home/zsj/code/unitree_ws/build/create_dataset -- -j12 -l12
[0.075s] [35m[1mConsolidate compiler generated dependencies of target read_data[0m
[0.091s] [ 28%] Built target record_data
[0.092s] [ 71%] Built target control_speed
[0.099s] [ 85%] [32mBuilding CXX object CMakeFiles/read_data.dir/src/read_data.cpp.o[0m
[2.631s] [01m[K/home/zsj/code/unitree_ws/src/create_dataset/src/read_data.cpp:73:2:[m[K [01;31m[Kerror: [m[Kexpected â€˜[01m[K}[m[Kâ€™ at end of input
[2.631s]    73 | }
[2.631s]       |  [01;31m[K^[m[K
[2.631s] [01m[K/home/zsj/code/unitree_ws/src/create_dataset/src/read_data.cpp:18:1:[m[K [01;36m[Knote: [m[Kto match this â€˜[01m[K{[m[Kâ€™
[2.631s]    18 | [01;36m[K{[m[K
[2.631s]       | [01;36m[K^[m[K
[2.637s] [01m[K/home/zsj/code/unitree_ws/src/create_dataset/src/read_data.cpp:[m[K In constructor â€˜[01m[KPlaybackNode::PlaybackNode(const string&)[m[Kâ€™:
[2.637s] [01m[K/home/zsj/code/unitree_ws/src/create_dataset/src/read_data.cpp:23:7:[m[K [01;31m[Kerror: [m[Kâ€˜[01m[Kpublisher_[m[Kâ€™ was not declared in this scope; did you mean â€˜[01m[Krmw_publisher_t[m[Kâ€™?
[2.637s]    23 |       [01;31m[Kpublisher_[m[K = this->create_publisher<robot_state::msg::RobotState>("/dataset", 10);
[2.637s]       |       [01;31m[K^~~~~~~~~~[m[K
[2.637s]       |       [32m[Krmw_publisher_t[m[K
[2.645s] [01m[K/home/zsj/code/unitree_ws/src/create_dataset/src/read_data.cpp:24:7:[m[K [01;31m[Kerror: [m[Kâ€˜[01m[Ktimer_[m[Kâ€™ was not declared in this scope; did you mean â€˜[01m[Ktimer_t[m[Kâ€™?
[2.645s]    24 |       [01;31m[Ktimer_[m[K = this->create_wall_timer(
[2.645s]       |       [01;31m[K^~~~~~[m[K
[2.645s]       |       [32m[Ktimer_t[m[K
[2.658s] [01m[K/home/zsj/code/unitree_ws/src/create_dataset/src/read_data.cpp:27:7:[m[K [01;31m[Kerror: [m[Kâ€˜[01m[Kreader_[m[Kâ€™ was not declared in this scope; did you mean â€˜[01m[Kread[m[Kâ€™?
[2.658s]    27 |       [01;31m[Kreader_[m[K.open(bag_filename);
[2.658s]       |       [01;31m[K^~~~~~~[m[K
[2.658s]       |       [32m[Kread[m[K
[2.662s] [01m[K/home/zsj/code/unitree_ws/src/create_dataset/src/read_data.cpp:[m[K In member function â€˜[01m[Kvoid PlaybackNode::timer_callback()[m[Kâ€™:
[2.662s] [01m[K/home/zsj/code/unitree_ws/src/create_dataset/src/read_data.cpp:34:14:[m[K [01;31m[Kerror: [m[Kâ€˜[01m[Kreader_[m[Kâ€™ was not declared in this scope; did you mean â€˜[01m[Kread[m[Kâ€™?
[2.662s]    34 |       while ([01;31m[Kreader_[m[K.has_next()) {
[2.663s]       |              [01;31m[K^~~~~~~[m[K
[2.663s]       |              [32m[Kread[m[K
[2.672s] [01m[K/home/zsj/code/unitree_ws/src/create_dataset/src/read_data.cpp:44:9:[m[K [01;31m[Kerror: [m[Kâ€˜[01m[Kserialization_[m[Kâ€™ was not declared in this scope
[2.672s]    44 |         [01;31m[Kserialization_[m[K.deserialize_message(&serialized_msg, data_point.get());
[2.672s]       |         [01;31m[K^~~~~~~~~~~~~~[m[K
[2.678s] [01m[K/home/zsj/code/unitree_ws/src/create_dataset/src/read_data.cpp:46:9:[m[K [01;31m[Kerror: [m[Kâ€˜[01m[Kpublisher_[m[Kâ€™ was not declared in this scope; did you mean â€˜[01m[Krmw_publisher_t[m[Kâ€™?
[2.678s]    46 |         [01;31m[Kpublisher_[m[K->publish(*data_point);
[2.678s]       |         [01;31m[K^~~~~~~~~~[m[K
[2.678s]       |         [32m[Krmw_publisher_t[m[K
[2.678s] In file included from [01m[K/opt/ros/humble/include/rclcpp/rclcpp/logging.hpp:24[m[K,
[2.678s]                  from [01m[K/opt/ros/humble/include/rclcpp/rclcpp/client.hpp:40[m[K,
[2.678s]                  from [01m[K/opt/ros/humble/include/rclcpp/rclcpp/callback_group.hpp:24[m[K,
[2.678s]                  from [01m[K/opt/ros/humble/include/rclcpp/rclcpp/any_executable.hpp:20[m[K,
[2.678s]                  from [01m[K/opt/ros/humble/include/rclcpp/rclcpp/memory_strategy.hpp:25[m[K,
[2.679s]                  from [01m[K/opt/ros/humble/include/rclcpp/rclcpp/memory_strategies.hpp:18[m[K,
[2.679s]                  from [01m[K/opt/ros/humble/include/rclcpp/rclcpp/executor_options.hpp:20[m[K,
[2.679s]                  from [01m[K/opt/ros/humble/include/rclcpp/rclcpp/executor.hpp:37[m[K,
[2.679s]                  from [01m[K/opt/ros/humble/include/rclcpp/rclcpp/executors/multi_threaded_executor.hpp:25[m[K,
[2.679s]                  from [01m[K/opt/ros/humble/include/rclcpp/rclcpp/executors.hpp:21[m[K,
[2.679s]                  from [01m[K/opt/ros/humble/include/rclcpp/rclcpp/rclcpp.hpp:155[m[K,
[2.679s]                  from [01m[K/home/zsj/code/unitree_ws/src/create_dataset/src/read_data.cpp:7[m[K:
[2.679s] [01m[K/home/zsj/code/unitree_ws/src/create_dataset/src/read_data.cpp:49:33:[m[K [01;31m[Kerror: [m[Kâ€˜[01m[Kusing SharedPtr = class std::shared_ptr<robot_state::msg::RobotState_<std::allocator<void> > >[m[Kâ€™ {aka â€˜[01m[Kclass std::shared_ptr<robot_state::msg::RobotState_<std::allocator<void> > >[m[Kâ€™} has no member named â€˜[01m[Kmotor_q[m[Kâ€™
[2.679s]    49 |                   i, data_point.[01;31m[Kmotor_q[m[K[i], data_point.motor_dq[i], data_point.motor_ddq[i], data_point.motor_tau_est[i]);
[2.679s]       |                                 [01;31m[K^~~~~~~[m[K
[2.679s] [01m[K/home/zsj/code/unitree_ws/src/create_dataset/src/read_data.cpp:49:56:[m[K [01;31m[Kerror: [m[Kâ€˜[01m[Kusing SharedPtr = class std::shared_ptr<robot_state::msg::RobotState_<std::allocator<void> > >[m[Kâ€™ {aka â€˜[01m[Kclass std::shared_ptr<robot_state::msg::RobotState_<std::allocator<void> > >[m[Kâ€™} has no member named â€˜[01m[Kmotor_dq[m[Kâ€™
[2.679s]    49 |                   i, data_point.motor_q[i], data_point.[01;31m[Kmotor_dq[m[K[i], data_point.motor_ddq[i], data_point.motor_tau_est[i]);
[2.679s]       |                                                        [01;31m[K^~~~~~~~[m[K
[2.679s] [01m[K/home/zsj/code/unitree_ws/src/create_dataset/src/read_data.cpp:49:80:[m[K [01;31m[Kerror: [m[Kâ€˜[01m[Kusing SharedPtr = class std::shared_ptr<robot_state::msg::RobotState_<std::allocator<void> > >[m[Kâ€™ {aka â€˜[01m[Kclass std::shared_ptr<robot_state::msg::RobotState_<std::allocator<void> > >[m[Kâ€™} has no member named â€˜[01m[Kmotor_ddq[m[Kâ€™
[2.679s]    49 |                   i, data_point.motor_q[i], data_point.motor_dq[i], data_point.[01;31m[Kmotor_ddq[m[K[i], data_point.motor_tau_est[i]);
[2.679s]       |                                                                                [01;31m[K^~~~~~~~~[m[K
[2.680s] [01m[K/home/zsj/code/unitree_ws/src/create_dataset/src/read_data.cpp:49:105:[m[K [01;31m[Kerror: [m[Kâ€˜[01m[Kusing SharedPtr = class std::shared_ptr<robot_state::msg::RobotState_<std::allocator<void> > >[m[Kâ€™ {aka â€˜[01m[Kclass std::shared_ptr<robot_state::msg::RobotState_<std::allocator<void> > >[m[Kâ€™} has no member named â€˜[01m[Kmotor_tau_est[m[Kâ€™
[2.680s]    49 |                   i, data_point.motor_q[i], data_point.motor_dq[i], data_point.motor_ddq[i], data_point.[01;31m[Kmotor_tau_est[m[K[i]);
[2.680s]       |                                                                                                         [01;31m[K^~~~~~~~~~~~~[m[K
[2.684s] [01m[K/home/zsj/code/unitree_ws/src/create_dataset/src/read_data.cpp:[m[K At global scope:
[2.684s] [01m[K/home/zsj/code/unitree_ws/src/create_dataset/src/read_data.cpp:73:2:[m[K [01;31m[Kerror: [m[Kexpected unqualified-id at end of input
[2.685s]    73 | }
[2.685s]       |  [01;31m[K^[m[K
[3.456s] gmake[2]: *** [CMakeFiles/read_data.dir/build.make:76: CMakeFiles/read_data.dir/src/read_data.cpp.o] Error 1
[3.457s] gmake[1]: *** [CMakeFiles/Makefile2:193: CMakeFiles/read_data.dir/all] Error 2
[3.457s] gmake: *** [Makefile:146: all] Error 2
[3.460s] Invoked command in '/home/zsj/code/unitree_ws/build/create_dataset' returned '2': CMAKE_PREFIX_PATH=${CMAKE_PREFIX_PATH}:/home/zsj/code/unitree_ws/install/read_bag:/opt/ros/humble /usr/bin/cmake --build /home/zsj/code/unitree_ws/build/create_dataset -- -j12 -l12
