[0.014s] Invoking command in '/home/zsj/code/unitree_ws/build/create_dataset': CMAKE_PREFIX_PATH=${CMAKE_PREFIX_PATH}:/home/zsj/code/unitree_ws/install/read_bag:/opt/ros/humble /usr/bin/cmake /home/zsj/code/unitree_ws/src/create_dataset -DCMAKE_INSTALL_PREFIX=/home/zsj/code/unitree_ws/install/create_dataset
[0.083s] -- The C compiler identification is GNU 11.4.0
[0.152s] -- The CXX compiler identification is GNU 11.4.0
[0.164s] -- Detecting C compiler ABI info
[0.236s] -- Detecting C compiler ABI info - done
[0.250s] -- Check for working C compiler: /usr/bin/cc - skipped
[0.250s] -- Detecting C compile features
[0.251s] -- Detecting C compile features - done
[0.255s] -- Detecting CXX compiler ABI info
[0.338s] -- Detecting CXX compiler ABI info - done
[0.347s] -- Check for working CXX compiler: /usr/bin/c++ - skipped
[0.347s] -- Detecting CXX compile features
[0.348s] -- Detecting CXX compile features - done
[0.351s] -- Found ament_cmake: 1.3.8 (/opt/ros/humble/share/ament_cmake/cmake)
[0.512s] -- Found Python3: /usr/bin/python3 (found version "3.10.12") found components: Interpreter 
[0.606s] -- Found unitree_go: 0.0.0 (/home/zsj/code/unitree_ros2/cyclonedds_ws/install/unitree_go/share/unitree_go/cmake)
[0.651s] -- Found rosidl_generator_c: 3.1.5 (/opt/ros/humble/share/rosidl_generator_c/cmake)
[0.657s] -- Found rosidl_adapter: 3.1.5 (/opt/ros/humble/share/rosidl_adapter/cmake)
[0.667s] -- Found rosidl_generator_cpp: 3.1.5 (/opt/ros/humble/share/rosidl_generator_cpp/cmake)
[0.682s] -- Using all available rosidl_typesupport_c: rosidl_typesupport_fastrtps_c;rosidl_typesupport_introspection_c
[0.704s] -- Using all available rosidl_typesupport_cpp: rosidl_typesupport_fastrtps_cpp;rosidl_typesupport_introspection_cpp
[0.930s] -- Found unitree_api: 0.0.0 (/home/zsj/code/unitree_ros2/cyclonedds_ws/install/unitree_api/share/unitree_api/cmake)
[0.986s] -- Found rclcpp: 16.0.8 (/opt/ros/humble/share/rclcpp/cmake)
[1.058s] -- Found rmw_implementation_cmake: 6.1.1 (/opt/ros/humble/share/rmw_implementation_cmake/cmake)
[1.060s] -- Found rmw_cyclonedds_cpp: 1.3.4 (/home/zsj/code/unitree_ros2/cyclonedds_ws/install/rmw_cyclonedds_cpp/share/rmw_cyclonedds_cpp/cmake)
[1.095s] -- Using RMW implementation 'rmw_cyclonedds_cpp' as default
[1.106s] -- Looking for pthread.h
[1.173s] -- Looking for pthread.h - found
[1.173s] -- Performing Test CMAKE_HAVE_LIBC_PTHREAD
[1.241s] -- Performing Test CMAKE_HAVE_LIBC_PTHREAD - Success
[1.242s] -- Found Threads: TRUE  
[1.372s] -- Found rosbag2_cpp: 0.15.9 (/opt/ros/humble/share/rosbag2_cpp/cmake)
[1.417s] -- Found robot_state: 0.0.0 (/home/zsj/code/unitree_ws/install/robot_state/share/robot_state/cmake)
[1.440s] -- Found ament_lint_auto: 0.12.10 (/opt/ros/humble/share/ament_lint_auto/cmake)
[1.514s] -- Added test 'cppcheck' to perform static code analysis on C / C++ code
[1.514s] -- Configured cppcheck include dirs: /home/zsj/code/unitree_ws/src/create_dataset/include;/home/zsj/code/unitree_ws/src/create_dataset/include/common
[1.514s] -- Configured cppcheck exclude dirs and/or files: 
[1.516s] -- Added test 'lint_cmake' to check CMake code style
[1.520s] -- Added test 'uncrustify' to check C / C++ code style
[1.520s] -- Configured uncrustify additional arguments: 
[1.521s] -- Added test 'xmllint' to check XML markup files
[1.522s] -- Configuring done
[1.547s] -- Generating done
[1.549s] -- Build files have been written to: /home/zsj/code/unitree_ws/build/create_dataset
[1.561s] Invoked command in '/home/zsj/code/unitree_ws/build/create_dataset' returned '0': CMAKE_PREFIX_PATH=${CMAKE_PREFIX_PATH}:/home/zsj/code/unitree_ws/install/read_bag:/opt/ros/humble /usr/bin/cmake /home/zsj/code/unitree_ws/src/create_dataset -DCMAKE_INSTALL_PREFIX=/home/zsj/code/unitree_ws/install/create_dataset
[1.564s] Invoking command in '/home/zsj/code/unitree_ws/build/create_dataset': CMAKE_PREFIX_PATH=${CMAKE_PREFIX_PATH}:/home/zsj/code/unitree_ws/install/read_bag:/opt/ros/humble /usr/bin/cmake --build /home/zsj/code/unitree_ws/build/create_dataset -- -j12 -l12
[1.614s] [ 57%] [32mBuilding CXX object CMakeFiles/control_speed.dir/src/common/ros2_sport_client.cpp.o[0m
[1.614s] [ 57%] [32mBuilding CXX object CMakeFiles/control_speed.dir/src/control_speed.cpp.o[0m
[1.614s] [ 57%] [32mBuilding CXX object CMakeFiles/read_data.dir/src/read_data.cpp.o[0m
[1.614s] [ 57%] [32mBuilding CXX object CMakeFiles/record_data.dir/src/record_data.cpp.o[0m
[4.609s] [01m[K/home/zsj/code/unitree_ws/src/create_dataset/src/read_data.cpp:[m[K In member function â€˜[01m[Kvoid PlaybackNode::timer_callback()[m[Kâ€™:
[4.609s] [01m[K/home/zsj/code/unitree_ws/src/create_dataset/src/read_data.cpp:47:38:[m[K [01;31m[Kerror: [m[Kâ€˜[01m[Kusing element_type = struct robot_state::msg::RobotState_<std::allocator<void> >[m[Kâ€™ {aka â€˜[01m[Kstruct robot_state::msg::RobotState_<std::allocator<void> >[m[Kâ€™} has no member named â€˜[01m[Kmotor_state[m[Kâ€™
[4.609s]    47 |         std::cout << '(' << ros_msg->[01;31m[Kmotor_state[m[K[0].q;
[4.609s]       |                                      [01;31m[K^~~~~~~~~~~[m[K
[5.564s] gmake[2]: *** [CMakeFiles/read_data.dir/build.make:76: CMakeFiles/read_data.dir/src/read_data.cpp.o] Error 1
[5.564s] gmake[1]: *** [CMakeFiles/Makefile2:193: CMakeFiles/read_data.dir/all] Error 2
[5.564s] gmake[1]: *** Waiting for unfinished jobs....
[10.411s] [ 71%] [32m[1mLinking CXX executable record_data[0m
[10.838s] [ 71%] Built target record_data
[10.939s] [ 85%] [32m[1mLinking CXX executable control_speed[0m
[11.351s] [ 85%] Built target control_speed
[11.352s] gmake: *** [Makefile:146: all] Error 2
[11.355s] Invoked command in '/home/zsj/code/unitree_ws/build/create_dataset' returned '2': CMAKE_PREFIX_PATH=${CMAKE_PREFIX_PATH}:/home/zsj/code/unitree_ws/install/read_bag:/opt/ros/humble /usr/bin/cmake --build /home/zsj/code/unitree_ws/build/create_dataset -- -j12 -l12
