[0.009s] Invoking command in '/home/zsj/code/unitree_ws/build/create_dataset': CMAKE_PREFIX_PATH=${CMAKE_PREFIX_PATH}:/home/zsj/code/unitree_ws/install/read_bag:/opt/ros/humble /usr/bin/cmake --build /home/zsj/code/unitree_ws/build/create_dataset -- -j12 -l12
[0.053s] [35m[1mConsolidate compiler generated dependencies of target read_data[0m
[0.067s] [ 71%] Built target record_data
[0.067s] [ 71%] Built target control_speed
[0.073s] [ 85%] [32mBuilding CXX object CMakeFiles/read_data.dir/src/read_data.cpp.o[0m
[2.599s] In file included from [01m[K/opt/ros/humble/include/rclcpp/rclcpp/logging.hpp:24[m[K,
[2.599s]                  from [01m[K/opt/ros/humble/include/rclcpp/rclcpp/client.hpp:40[m[K,
[2.599s]                  from [01m[K/opt/ros/humble/include/rclcpp/rclcpp/callback_group.hpp:24[m[K,
[2.599s]                  from [01m[K/opt/ros/humble/include/rclcpp/rclcpp/any_executable.hpp:20[m[K,
[2.599s]                  from [01m[K/opt/ros/humble/include/rclcpp/rclcpp/memory_strategy.hpp:25[m[K,
[2.599s]                  from [01m[K/opt/ros/humble/include/rclcpp/rclcpp/memory_strategies.hpp:18[m[K,
[2.599s]                  from [01m[K/opt/ros/humble/include/rclcpp/rclcpp/executor_options.hpp:20[m[K,
[2.599s]                  from [01m[K/opt/ros/humble/include/rclcpp/rclcpp/executor.hpp:37[m[K,
[2.600s]                  from [01m[K/opt/ros/humble/include/rclcpp/rclcpp/executors/multi_threaded_executor.hpp:25[m[K,
[2.600s]                  from [01m[K/opt/ros/humble/include/rclcpp/rclcpp/executors.hpp:21[m[K,
[2.600s]                  from [01m[K/opt/ros/humble/include/rclcpp/rclcpp/rclcpp.hpp:155[m[K,
[2.600s]                  from [01m[K/home/zsj/code/unitree_ws/src/create_dataset/src/read_data.cpp:7[m[K:
[2.600s] [01m[K/home/zsj/code/unitree_ws/src/create_dataset/src/read_data.cpp:[m[K In member function â€˜[01m[Kvoid PlaybackNode::timer_callback()[m[Kâ€™:
[2.600s] [01m[K/home/zsj/code/unitree_ws/src/create_dataset/src/read_data.cpp:33:39:[m[K [01;31m[Kerror: [m[Kâ€˜[01m[Kstr[m[Kâ€™ was not declared in this scope; did you mean â€˜[01m[Kstd[m[Kâ€™?
[2.600s]    33 |       RCLCPP_INFO(this->get_logger(), [01;31m[Kstr[m[K(reader_.has_next()));
[2.600s]       |                                       [01;31m[K^~~[m[K
[3.492s] gmake[2]: *** [CMakeFiles/read_data.dir/build.make:76: CMakeFiles/read_data.dir/src/read_data.cpp.o] Error 1
[3.492s] gmake[1]: *** [CMakeFiles/Makefile2:193: CMakeFiles/read_data.dir/all] Error 2
[3.492s] gmake: *** [Makefile:146: all] Error 2
[3.494s] Invoked command in '/home/zsj/code/unitree_ws/build/create_dataset' returned '2': CMAKE_PREFIX_PATH=${CMAKE_PREFIX_PATH}:/home/zsj/code/unitree_ws/install/read_bag:/opt/ros/humble /usr/bin/cmake --build /home/zsj/code/unitree_ws/build/create_dataset -- -j12 -l12
